<?xml version="1.0" encoding="UTF-8"?>
<!-- Generated by org.testng.reporters.JUnitReportReporter -->
<testsuite hostname="LAPTOP-6F5IMLR2" failures="0" tests="1" name="org.testngconcept.Test123" time="31.942" errors="0" timestamp="25 May 2024 05:16:19 GMT" skipped="0">
  <testcase classname="org.testngconcept.Test123" name="tc01" time="31.942"/>
</testsuite> <!-- org.testngconcept.Test123 -->
