<?xml version="1.0" encoding="UTF-8"?>
<!-- Generated by org.testng.reporters.JUnitReportReporter -->
<testsuite hostname="LAPTOP-6F5IMLR2" failures="0" tests="1" name="org.exe.TestNGClass" time="0.010" errors="0" timestamp="18 May 2024 08:15:42 GMT" skipped="0">
  <testcase classname="org.exe.TestNGClass" name="tc04" time="0.010"/>
</testsuite> <!-- org.exe.TestNGClass -->
