<?xml version="1.0" encoding="UTF-8"?>
<!-- Generated by org.testng.reporters.JUnitReportReporter -->
<testsuite hostname="LAPTOP-6F5IMLR2" failures="0" tests="3" name="org.sample.TestClass123" time="11.484" errors="0" timestamp="20 May 2024 09:06:36 GMT" skipped="0">
  <testcase classname="org.sample.TestClass123" name="tc01" time="6.083"/>
  <testcase classname="org.sample.TestClass123" name="tc01" time="2.814"/>
  <testcase classname="org.sample.TestClass123" name="tc01" time="2.587"/>
</testsuite> <!-- org.sample.TestClass123 -->
