<?xml version="1.0" encoding="UTF-8"?>
<!-- Generated by org.testng.reporters.JUnitReportReporter -->
<testsuite hostname="LAPTOP-6F5IMLR2" failures="0" tests="2" name="org.testngconcept.Test333" time="12.371" errors="0" timestamp="23 May 2024 08:57:20 GMT" skipped="0">
  <testcase classname="org.testngconcept.Test333" name="tc01" time="11.627"/>
  <testcase classname="org.testngconcept.Test333" name="tc02" time="0.744"/>
</testsuite> <!-- org.testngconcept.Test333 -->
