<?xml version="1.0" encoding="UTF-8"?>
<!-- Generated by org.testng.reporters.JUnitReportReporter -->
<testsuite hostname="LAPTOP-6F5IMLR2" failures="0" tests="2" name="org.testngconcept.Test124" time="10.176" errors="0" timestamp="23 May 2024 08:57:20 GMT" skipped="0">
  <testcase classname="org.testngconcept.Test124" name="tc01" time="9.656"/>
  <testcase classname="org.testngconcept.Test124" name="tc02" time="0.520"/>
</testsuite> <!-- org.testngconcept.Test124 -->
